Using pre-set license
Built from '2020.3/staging' branch; Version is '2020.3.32f1 (12f8b0834f07) revision 1243312'; Using compiler version '192528614'; Build Type 'Release'
OS: 'Windows 10  (10.0.19043) 64bit Core' Language: 'en' Physical Memory: 16253 MB
BatchMode: 1, IsHumanControllingUs: 0, StartBugReporterOnCrash: 0, Is64bit: 1, IsPro: 0

COMMAND LINE ARGUMENTS:
C:\Program Files\Unity\Hub\Editor\2020.3.32f1\Editor\Unity.exe
-adb2
-batchMode
-noUpm
-name
AssetImportWorker0
-projectPath
C:/Users/unive/Documents/GitHub/LudumDareGameJam2022/GameJam
-logFile
Logs/AssetImportWorker0.log
-srvPort
61181
Successfully changed project path to: C:/Users/unive/Documents/GitHub/LudumDareGameJam2022/GameJam
C:/Users/unive/Documents/GitHub/LudumDareGameJam2022/GameJam
Using Asset Import Pipeline V2.
Refreshing native plugins compatible for Editor in 72.66 ms, found 3 plugins.
Preloading 0 native plugins for Editor in 0.00 ms.
Initialize engine version: 2020.3.32f1 (12f8b0834f07)
[Subsystems] Discovering subsystems at path C:/Program Files/Unity/Hub/Editor/2020.3.32f1/Editor/Data/Resources/UnitySubsystems
[Subsystems] Discovering subsystems at path C:/Users/unive/Documents/GitHub/LudumDareGameJam2022/GameJam/Assets
GfxDevice: creating device client; threaded=0
Direct3D:
    Version:  Direct3D 11.0 [level 11.1]
    Renderer: Intel(R) HD Graphics 620 (ID=0x5916)
    Vendor:   
    VRAM:     8126 MB
    Driver:   23.20.16.4973
Initialize mono
Mono path[0] = 'C:/Program Files/Unity/Hub/Editor/2020.3.32f1/Editor/Data/Managed'
Mono path[1] = 'C:/Program Files/Unity/Hub/Editor/2020.3.32f1/Editor/Data/MonoBleedingEdge/lib/mono/unityjit'
Mono config path = 'C:/Program Files/Unity/Hub/Editor/2020.3.32f1/Editor/Data/MonoBleedingEdge/etc'
Using monoOptions --debugger-agent=transport=dt_socket,embedding=1,server=y,suspend=n,address=127.0.0.1:56484
Begin MonoManager ReloadAssembly
Registering precompiled unity dll's ...
Register platform support module: C:/Program Files/Unity/Hub/Editor/2020.3.32f1/Editor/Data/PlaybackEngines/WebGLSupport/UnityEditor.WebGL.Extensions.dll
Register platform support module: C:/Program Files/Unity/Hub/Editor/2020.3.32f1/Editor/Data/PlaybackEngines/WindowsStandaloneSupport/UnityEditor.WindowsStandalone.Extensions.dll
Registered in 0.003994 seconds.
Native extension for WindowsStandalone target not found
Native extension for WebGL target not found
Refreshing native plugins compatible for Editor in 75.16 ms, found 3 plugins.
Preloading 0 native plugins for Editor in 0.00 ms.
Mono: successfully reloaded assembly
- Completed reload, in  0.930 seconds
Domain Reload Profiling:
	ReloadAssembly (930ms)
		BeginReloadAssembly (95ms)
			ExecutionOrderSort (0ms)
			DisableScriptedObjects (0ms)
			BackupInstance (0ms)
			ReleaseScriptingObjects (0ms)
			CreateAndSetChildDomain (1ms)
		EndReloadAssembly (725ms)
			LoadAssemblies (92ms)
			RebuildTransferFunctionScriptingTraits (0ms)
			SetupTypeCache (224ms)
			ReleaseScriptCaches (0ms)
			RebuildScriptCaches (62ms)
			SetupLoadedEditorAssemblies (284ms)
				LogAssemblyErrors (0ms)
				InitializePlatformSupportModulesInManaged (9ms)
				SetLoadedEditorAssemblies (1ms)
				RefreshPlugins (75ms)
				BeforeProcessingInitializeOnLoad (20ms)
				ProcessInitializeOnLoadAttributes (121ms)
				ProcessInitializeOnLoadMethodAttributes (58ms)
				AfterProcessingInitializeOnLoad (0ms)
				EditorAssembliesLoaded (0ms)
			ExecutionOrderSort2 (0ms)
			AwakeInstancesAfterBackupRestoration (0ms)
Platform modules already initialized, skipping
Registering precompiled user dll's ...
Registered in 0.005808 seconds.
Begin MonoManager ReloadAssembly
Native extension for WindowsStandalone target not found
Native extension for WebGL target not found
Refreshing native plugins compatible for Editor in 70.11 ms, found 3 plugins.
Preloading 0 native plugins for Editor in 0.00 ms.
Mono: successfully reloaded assembly
- Completed reload, in  1.691 seconds
Domain Reload Profiling:
	ReloadAssembly (1692ms)
		BeginReloadAssembly (220ms)
			ExecutionOrderSort (0ms)
			DisableScriptedObjects (6ms)
			BackupInstance (0ms)
			ReleaseScriptingObjects (0ms)
			CreateAndSetChildDomain (26ms)
		EndReloadAssembly (1382ms)
			LoadAssemblies (142ms)
			RebuildTransferFunctionScriptingTraits (0ms)
			SetupTypeCache (463ms)
			ReleaseScriptCaches (1ms)
			RebuildScriptCaches (72ms)
			SetupLoadedEditorAssemblies (523ms)
				LogAssemblyErrors (0ms)
				InitializePlatformSupportModulesInManaged (7ms)
				SetLoadedEditorAssemblies (0ms)
				RefreshPlugins (70ms)
				BeforeProcessingInitializeOnLoad (125ms)
				ProcessInitializeOnLoadAttributes (286ms)
				ProcessInitializeOnLoadMethodAttributes (24ms)
				AfterProcessingInitializeOnLoad (10ms)
				EditorAssembliesLoaded (0ms)
			ExecutionOrderSort2 (0ms)
			AwakeInstancesAfterBackupRestoration (9ms)
Platform modules already initialized, skipping
========================================================================
Worker process is ready to serve import requests
Launched and connected shader compiler UnityShaderCompiler.exe after 0.05 seconds
Refreshing native plugins compatible for Editor in 0.61 ms, found 3 plugins.
Preloading 0 native plugins for Editor in 0.00 ms.
Unloading 2339 Unused Serialized files (Serialized files now loaded: 0)
System memory in use before: 103.0 MB.
System memory in use after: 103.1 MB.

Unloading 27 unused Assets to reduce memory usage. Loaded Objects now: 2777.
Total: 6.927500 ms (FindLiveObjects: 0.839300 ms CreateObjectMapping: 0.247100 ms MarkObjects: 5.738800 ms  DeleteObjects: 0.100600 ms)

AssetImportParameters requested are different than current active one (requested -> active):
  custom:framework-win-MediaFoundation: 216162199b28c13a410421893ffa2e32 -> 
  custom:video-decoder-ogg-theora: a1e56fd34408186e4bbccfd4996cb3dc -> 
  custom:container-muxer-webm: aa71ff27fc2769a1b78a27578f13a17b -> 
  custom:container-demuxer-webm: 4f35f7cbe854078d1ac9338744f61a02 -> 
  custom:container-demuxer-ogg: 62fdf1f143b41e24485cea50d1cbac27 -> 
  custom:video-encoder-webm-vp8: eb34c28f22e8b96e1ab97ce403110664 -> 
  custom:video-codec-MediaFoundation-h265: 746d11721c4dcdbdad8f713fa42b33f4 -> 
  custom:video-decoder-webm-vp8: 9c59270c3fd7afecdb556c50c9e8de78 -> 
  custom:audio-decoder-ogg-vorbis: bf7c407c2cedff20999df2af8eb42d56 -> 
  custom:audio-encoder-webm-vorbis: bf7c407c2cedff20999df2af8eb42d56 -> 
========================================================================
Received Import Request.
  path: Assets/images/shieldBar.png
  artifactKey: Guid(627279658af045a4ebdf7ad33749d060) Importer(815301076,1909f56bfc062723c751e8b465ee728b)
Start importing Assets/images/shieldBar.png using Guid(627279658af045a4ebdf7ad33749d060) Importer(815301076,1909f56bfc062723c751e8b465ee728b)  -> (artifact id: '1edd68fab73b69e632b5c8c0059fa1b3') in 0.142239 seconds 
========================================================================
Received Import Request.
  Time since last request: 0.000386 seconds.
  path: Assets/images
  artifactKey: Guid(f288bb14231bc69468f3b0cb6cce83a9) Importer(815301076,1909f56bfc062723c751e8b465ee728b)
Start importing Assets/images using Guid(f288bb14231bc69468f3b0cb6cce83a9) Importer(815301076,1909f56bfc062723c751e8b465ee728b)  -> (artifact id: '01dbec2f655768f0256650ac12370dc5') in 0.002244 seconds 
========================================================================
Received Import Request.
  Time since last request: 0.000391 seconds.
  path: Assets/images/RatTunnels.png
  artifactKey: Guid(1f5ef627ae5f1914c808cac415f064e0) Importer(815301076,1909f56bfc062723c751e8b465ee728b)
Start importing Assets/images/RatTunnels.png using Guid(1f5ef627ae5f1914c808cac415f064e0) Importer(815301076,1909f56bfc062723c751e8b465ee728b)  -> (artifact id: '503d71da25af1874fb85ffb3401d4d43') in 0.029913 seconds 
========================================================================
Received Import Request.
  Time since last request: 0.000340 seconds.
  path: Assets/images/Halorat3Sheet.png
  artifactKey: Guid(15224ae7e0d806d4d8bc34e82617eadd) Importer(815301076,1909f56bfc062723c751e8b465ee728b)
Start importing Assets/images/Halorat3Sheet.png using Guid(15224ae7e0d806d4d8bc34e82617eadd) Importer(815301076,1909f56bfc062723c751e8b465ee728b)  -> (artifact id: 'e603df9a6936285cdd48a70e44957f4e') in 0.023205 seconds 
========================================================================
Received Import Request.
  Time since last request: 0.000367 seconds.
  path: Assets/images/RightGunUI.png
  artifactKey: Guid(352c0f46f89350442be1f9f8fd693ec6) Importer(815301076,1909f56bfc062723c751e8b465ee728b)
Start importing Assets/images/RightGunUI.png using Guid(352c0f46f89350442be1f9f8fd693ec6) Importer(815301076,1909f56bfc062723c751e8b465ee728b)  -> (artifact id: 'ac46988e26ae3eb823ff984ed80f8642') in 0.017697 seconds 
========================================================================
Received Import Request.
  Time since last request: 0.000251 seconds.
  path: Assets/images/ShieldFill.png
  artifactKey: Guid(b1396d490ac1b5b4cb72c7c187a9c0c9) Importer(815301076,1909f56bfc062723c751e8b465ee728b)
Start importing Assets/images/ShieldFill.png using Guid(b1396d490ac1b5b4cb72c7c187a9c0c9) Importer(815301076,1909f56bfc062723c751e8b465ee728b)  -> (artifact id: 'f4442f6c4d7c07a73dfb94cda6df2f4f') in 0.017988 seconds 
========================================================================
Received Import Request.
  Time since last request: 0.000508 seconds.
  path: Assets/images/LeftGunUI.png
  artifactKey: Guid(d54e71208df005641baf2c39486658b6) Importer(815301076,1909f56bfc062723c751e8b465ee728b)
Start importing Assets/images/LeftGunUI.png using Guid(d54e71208df005641baf2c39486658b6) Importer(815301076,1909f56bfc062723c751e8b465ee728b)  -> (artifact id: 'ab3f12a5cf5a77161f0697806ea031f0') in 0.022063 seconds 
========================================================================
Received Import Request.
  Time since last request: 0.000249 seconds.
  path: Assets/images/GunUI.png
  artifactKey: Guid(f305180b9e10e4e49b4000138777e77c) Importer(815301076,1909f56bfc062723c751e8b465ee728b)
Start importing Assets/images/GunUI.png using Guid(f305180b9e10e4e49b4000138777e77c) Importer(815301076,1909f56bfc062723c751e8b465ee728b)  -> (artifact id: '6212e4e7fb3b83178124968906859400') in 0.021779 seconds 
========================================================================
Received Import Request.
  Time since last request: 0.000265 seconds.
  path: Assets/images/healthUIFILL.png
  artifactKey: Guid(88d1e155ae070c748a55424d981bd143) Importer(815301076,1909f56bfc062723c751e8b465ee728b)
Start importing Assets/images/healthUIFILL.png using Guid(88d1e155ae070c748a55424d981bd143) Importer(815301076,1909f56bfc062723c751e8b465ee728b)  -> (artifact id: '3001b757a905efbea5106e8ce15d03a5') in 0.018090 seconds 
========================================================================
Received Import Request.
  Time since last request: 0.000260 seconds.
  path: Assets/images/healthUIBar.png
  artifactKey: Guid(193846e010202b14aaf01023acf5faf9) Importer(815301076,1909f56bfc062723c751e8b465ee728b)
Start importing Assets/images/healthUIBar.png using Guid(193846e010202b14aaf01023acf5faf9) Importer(815301076,1909f56bfc062723c751e8b465ee728b)  -> (artifact id: '532969613db7f61bfe8bb08342886829') in 0.018372 seconds 
========================================================================
Received Import Request.
  Time since last request: 0.000295 seconds.
  path: Assets/images/Rat Slayer.png
  artifactKey: Guid(0690c5e1cab854643808336d4691d204) Importer(815301076,1909f56bfc062723c751e8b465ee728b)
Start importing Assets/images/Rat Slayer.png using Guid(0690c5e1cab854643808336d4691d204) Importer(815301076,1909f56bfc062723c751e8b465ee728b)  -> (artifact id: '842294b4eaa52879e1868372841e7056') in 0.123346 seconds 
========================================================================
Received Import Request.
  Time since last request: 0.000105 seconds.
  path: Assets/images/healthPickUp.png
  artifactKey: Guid(cc78658dd6e180f4389c03fde5c41507) Importer(815301076,1909f56bfc062723c751e8b465ee728b)
Start importing Assets/images/healthPickUp.png using Guid(cc78658dd6e180f4389c03fde5c41507) Importer(815301076,1909f56bfc062723c751e8b465ee728b)  -> (artifact id: '31d5dd3e1cb55ce874d42882ccd7f386') in 0.023324 seconds 
========================================================================
Received Import Request.
  Time since last request: 98.989494 seconds.
  path: Assets/Prefabs/ammoPickup.prefab
  artifactKey: Guid(7391735e7edbada448ba3eda85ad499c) Importer(815301076,1909f56bfc062723c751e8b465ee728b)
Start importing Assets/Prefabs/ammoPickup.prefab using Guid(7391735e7edbada448ba3eda85ad499c) Importer(815301076,1909f56bfc062723c751e8b465ee728b)  -> (artifact id: 'af0048b6e2b5d4f45dd5511fe741406e') in 0.046213 seconds 
========================================================================
Received Import Request.
  Time since last request: 0.000288 seconds.
  path: Assets/Prefabs/BulletParent.prefab
  artifactKey: Guid(05ee2bfb5ae20ee42b57e7abae4c98b0) Importer(815301076,1909f56bfc062723c751e8b465ee728b)
Start importing Assets/Prefabs/BulletParent.prefab using Guid(05ee2bfb5ae20ee42b57e7abae4c98b0) Importer(815301076,1909f56bfc062723c751e8b465ee728b)  -> (artifact id: '91aee18a97448ff8550051a8e47957a6') in 0.021465 seconds 
========================================================================
Received Import Request.
  Time since last request: 0.000520 seconds.
  path: Assets/Prefabs/FireBulletParent.prefab
  artifactKey: Guid(351a5f36db8bb484fb958ea17eb38674) Importer(815301076,1909f56bfc062723c751e8b465ee728b)
Start importing Assets/Prefabs/FireBulletParent.prefab using Guid(351a5f36db8bb484fb958ea17eb38674) Importer(815301076,1909f56bfc062723c751e8b465ee728b)  -> (artifact id: 'a4614c44a37a0fb468774f6ce41a00a8') in 0.018830 seconds 
========================================================================
Received Import Request.
  Time since last request: 0.000363 seconds.
  path: Assets/Prefabs/rat_spawner.prefab
  artifactKey: Guid(44304e4a0e16fb241b1b4e8bba3528b8) Importer(815301076,1909f56bfc062723c751e8b465ee728b)
Start importing Assets/Prefabs/rat_spawner.prefab using Guid(44304e4a0e16fb241b1b4e8bba3528b8) Importer(815301076,1909f56bfc062723c751e8b465ee728b)  -> (artifact id: 'a606cbcf54bdc4be471a20888198f510') in 0.027078 seconds 
========================================================================
Received Import Request.
  Time since last request: 0.000293 seconds.
  path: Assets/Prefabs/rat.prefab
  artifactKey: Guid(db2fbd19f10055546a86954a822eab76) Importer(815301076,1909f56bfc062723c751e8b465ee728b)
Start importing Assets/Prefabs/rat.prefab using Guid(db2fbd19f10055546a86954a822eab76) Importer(815301076,1909f56bfc062723c751e8b465ee728b)  -> (artifact id: 'c81122e85d53ebe250a3b3087aca2d18') in 0.017956 seconds 
========================================================================
Received Import Request.
  Time since last request: 0.000286 seconds.
  path: Assets/Prefabs/Bullet.prefab
  artifactKey: Guid(d757c20679032a14796f1de401c3c2ec) Importer(815301076,1909f56bfc062723c751e8b465ee728b)
Start importing Assets/Prefabs/Bullet.prefab using Guid(d757c20679032a14796f1de401c3c2ec) Importer(815301076,1909f56bfc062723c751e8b465ee728b)  -> (artifact id: '622758436987e3c62cc433f4e4780a7f') in 0.018468 seconds 
========================================================================
Received Import Request.
  Time since last request: 0.000377 seconds.
  path: Assets/Prefabs/healthPickup.prefab
  artifactKey: Guid(ab492170a79528347885e07620311821) Importer(815301076,1909f56bfc062723c751e8b465ee728b)
Start importing Assets/Prefabs/healthPickup.prefab using Guid(ab492170a79528347885e07620311821) Importer(815301076,1909f56bfc062723c751e8b465ee728b)  -> (artifact id: 'f244fecc959ec14dc59028f9c32d4c86') in 0.020978 seconds 
========================================================================
Received Import Request.
  Time since last request: 12.099277 seconds.
  path: Assets/Prefabs/BulletParent.prefab
  artifactKey: Guid(05ee2bfb5ae20ee42b57e7abae4c98b0) Importer(815301076,1909f56bfc062723c751e8b465ee728b)
Start importing Assets/Prefabs/BulletParent.prefab using Guid(05ee2bfb5ae20ee42b57e7abae4c98b0) Importer(815301076,1909f56bfc062723c751e8b465ee728b)  -> (artifact id: 'd43279b525e5b435fb01f6c7156a3dce') in 0.024301 seconds 
========================================================================
Received Import Request.
  Time since last request: 20.403705 seconds.
  path: Assets/images/Halorat3Sheet.png
  artifactKey: Guid(15224ae7e0d806d4d8bc34e82617eadd) Importer(815301076,1909f56bfc062723c751e8b465ee728b)
Start importing Assets/images/Halorat3Sheet.png using Guid(15224ae7e0d806d4d8bc34e82617eadd) Importer(815301076,1909f56bfc062723c751e8b465ee728b)  -> (artifact id: '20ced9ba924fb9b092551eefdb08f5be') in 0.013248 seconds 
========================================================================
Received Import Request.
  Time since last request: 9.006282 seconds.
  path: Assets/images/Halorat3Sheet.png
  artifactKey: Guid(15224ae7e0d806d4d8bc34e82617eadd) Importer(815301076,1909f56bfc062723c751e8b465ee728b)
Start importing Assets/images/Halorat3Sheet.png using Guid(15224ae7e0d806d4d8bc34e82617eadd) Importer(815301076,1909f56bfc062723c751e8b465ee728b)  -> (artifact id: 'ef1bee5c8987ddebd12c5704cd96811d') in 0.067754 seconds 
========================================================================
Received Import Request.
  Time since last request: 46.409528 seconds.
  path: Assets/Prefabs/BulletParent.prefab
  artifactKey: Guid(05ee2bfb5ae20ee42b57e7abae4c98b0) Importer(815301076,1909f56bfc062723c751e8b465ee728b)
Start importing Assets/Prefabs/BulletParent.prefab using Guid(05ee2bfb5ae20ee42b57e7abae4c98b0) Importer(815301076,1909f56bfc062723c751e8b465ee728b)  -> (artifact id: '84156920c5350d1ac095cdf324e5ce13') in 0.012994 seconds 
========================================================================
Received Import Request.
  Time since last request: 37.114336 seconds.
  path: Assets/Prefabs/ammoPickup.prefab
  artifactKey: Guid(7391735e7edbada448ba3eda85ad499c) Importer(815301076,1909f56bfc062723c751e8b465ee728b)
Start importing Assets/Prefabs/ammoPickup.prefab using Guid(7391735e7edbada448ba3eda85ad499c) Importer(815301076,1909f56bfc062723c751e8b465ee728b) The Animator Controller (ammoPickup) you have used is not valid. Animations will not play
UnityEngine.StackTraceUtility:ExtractStackTrace ()
UnityEditor.EditorUtility:Internal_InstantiateRemoveAllNonAnimationComponentsSingle (UnityEngine.Object,UnityEngine.Vector3,UnityEngine.Quaternion)
UnityEditor.EditorUtility:InstantiateRemoveAllNonAnimationComponents (UnityEngine.Object,UnityEngine.Vector3,UnityEngine.Quaternion)
UnityEditor.EditorUtility:InstantiateForAnimatorPreview (UnityEngine.Object)
UnityEditor.GameObjectInspector/PreviewData:UpdateGameObject (UnityEngine.Object)
UnityEditor.GameObjectInspector/PreviewData:.ctor (UnityEngine.Object)
UnityEditor.GameObjectInspector:GetPreviewData ()
UnityEditor.GameObjectInspector:RenderStaticPreview (string,UnityEngine.Object[],int,int)
UnityEditor.AssetPreviewUpdater:CreatePreviewForAsset (UnityEngine.Object,UnityEngine.Object[],string)

[C:\buildslave\unity\build\Modules/Animation/Director/AnimatorControllerPlayable.cpp line 333]

The Animator Controller (ammoPickup) you have used is not valid. Animations will not play
UnityEngine.StackTraceUtility:ExtractStackTrace ()
UnityEditor.EditorUtility:InitInstantiatedPreviewRecursive (UnityEngine.GameObject)
UnityEditor.EditorUtility:InstantiateForAnimatorPreview (UnityEngine.Object)
UnityEditor.GameObjectInspector/PreviewData:UpdateGameObject (UnityEngine.Object)
UnityEditor.GameObjectInspector/PreviewData:.ctor (UnityEngine.Object)
UnityEditor.GameObjectInspector:GetPreviewData ()
UnityEditor.GameObjectInspector:RenderStaticPreview (string,UnityEngine.Object[],int,int)
UnityEditor.AssetPreviewUpdater:CreatePreviewForAsset (UnityEngine.Object,UnityEngine.Object[],string)

[C:\buildslave\unity\build\Modules/Animation/Director/AnimatorControllerPlayable.cpp line 333]

 -> (artifact id: '455754a80c6e90227a69d8c9ece07574') in 0.017536 seconds 
========================================================================
Received Import Request.
  Time since last request: 23.651688 seconds.
  path: Assets/images/healthPickUp.png
  artifactKey: Guid(cc78658dd6e180f4389c03fde5c41507) Importer(815301076,1909f56bfc062723c751e8b465ee728b)
Start importing Assets/images/healthPickUp.png using Guid(cc78658dd6e180f4389c03fde5c41507) Importer(815301076,1909f56bfc062723c751e8b465ee728b)  -> (artifact id: 'f28a6958ddb6792a3256dd9b3c42e1f4') in 0.015447 seconds 
========================================================================
Received Import Request.
  Time since last request: 29.730036 seconds.
  path: Assets/images/Halorat3Sheet.png
  artifactKey: Guid(15224ae7e0d806d4d8bc34e82617eadd) Importer(815301076,1909f56bfc062723c751e8b465ee728b)
Start importing Assets/images/Halorat3Sheet.png using Guid(15224ae7e0d806d4d8bc34e82617eadd) Importer(815301076,1909f56bfc062723c751e8b465ee728b)  -> (artifact id: '8a31723ce15d9402379964d07e182963') in 0.066014 seconds 
========================================================================
Received Prepare
Registering precompiled user dll's ...
Registered in 0.005329 seconds.
Begin MonoManager ReloadAssembly
Native extension for WindowsStandalone target not found
Native extension for WebGL target not found
Refreshing native plugins compatible for Editor in 0.83 ms, found 3 plugins.
Preloading 0 native plugins for Editor in 0.00 ms.
Mono: successfully reloaded assembly
- Completed reload, in  1.863 seconds
Domain Reload Profiling:
	ReloadAssembly (1864ms)
		BeginReloadAssembly (184ms)
			ExecutionOrderSort (0ms)
			DisableScriptedObjects (10ms)
			BackupInstance (0ms)
			ReleaseScriptingObjects (0ms)
			CreateAndSetChildDomain (61ms)
		EndReloadAssembly (1573ms)
			LoadAssemblies (198ms)
			RebuildTransferFunctionScriptingTraits (0ms)
			SetupTypeCache (559ms)
			ReleaseScriptCaches (1ms)
			RebuildScriptCaches (77ms)
			SetupLoadedEditorAssemblies (513ms)
				LogAssemblyErrors (0ms)
				InitializePlatformSupportModulesInManaged (10ms)
				SetLoadedEditorAssemblies (1ms)
				RefreshPlugins (1ms)
				BeforeProcessingInitializeOnLoad (163ms)
				ProcessInitializeOnLoadAttributes (310ms)
				ProcessInitializeOnLoadMethodAttributes (16ms)
				AfterProcessingInitializeOnLoad (12ms)
				EditorAssembliesLoaded (0ms)
			ExecutionOrderSort2 (0ms)
			AwakeInstancesAfterBackupRestoration (14ms)
Platform modules already initialized, skipping
Refreshing native plugins compatible for Editor in 1.03 ms, found 3 plugins.
Preloading 0 native plugins for Editor in 0.00 ms.
Unloading 2325 Unused Serialized files (Serialized files now loaded: 0)
System memory in use before: 105.3 MB.
System memory in use after: 105.5 MB.

Unloading 16 unused Assets to reduce memory usage. Loaded Objects now: 2794.
Total: 4.502800 ms (FindLiveObjects: 0.231400 ms CreateObjectMapping: 0.148100 ms MarkObjects: 4.052100 ms  DeleteObjects: 0.070100 ms)

AssetImportParameters requested are different than current active one (requested -> active):
  custom:framework-win-MediaFoundation: 216162199b28c13a410421893ffa2e32 -> 
  custom:video-decoder-ogg-theora: a1e56fd34408186e4bbccfd4996cb3dc -> 
  custom:container-muxer-webm: aa71ff27fc2769a1b78a27578f13a17b -> 
  custom:container-demuxer-webm: 4f35f7cbe854078d1ac9338744f61a02 -> 
  custom:container-demuxer-ogg: 62fdf1f143b41e24485cea50d1cbac27 -> 
  custom:video-encoder-webm-vp8: eb34c28f22e8b96e1ab97ce403110664 -> 
  custom:video-codec-MediaFoundation-h265: 746d11721c4dcdbdad8f713fa42b33f4 -> 
  custom:video-decoder-webm-vp8: 9c59270c3fd7afecdb556c50c9e8de78 -> 
  custom:audio-decoder-ogg-vorbis: bf7c407c2cedff20999df2af8eb42d56 -> 
  custom:audio-encoder-webm-vorbis: bf7c407c2cedff20999df2af8eb42d56 -> 
========================================================================
Received Prepare
Registering precompiled user dll's ...
Registered in 0.006170 seconds.
Begin MonoManager ReloadAssembly
Native extension for WindowsStandalone target not found
Native extension for WebGL target not found
Refreshing native plugins compatible for Editor in 5.82 ms, found 3 plugins.
Preloading 0 native plugins for Editor in 0.00 ms.
Mono: successfully reloaded assembly
- Completed reload, in  2.054 seconds
Domain Reload Profiling:
	ReloadAssembly (2055ms)
		BeginReloadAssembly (234ms)
			ExecutionOrderSort (0ms)
			DisableScriptedObjects (9ms)
			BackupInstance (0ms)
			ReleaseScriptingObjects (0ms)
			CreateAndSetChildDomain (60ms)
		EndReloadAssembly (1662ms)
			LoadAssemblies (217ms)
			RebuildTransferFunctionScriptingTraits (0ms)
			SetupTypeCache (642ms)
			ReleaseScriptCaches (1ms)
			RebuildScriptCaches (73ms)
			SetupLoadedEditorAssemblies (603ms)
				LogAssemblyErrors (0ms)
				InitializePlatformSupportModulesInManaged (12ms)
				SetLoadedEditorAssemblies (3ms)
				RefreshPlugins (6ms)
				BeforeProcessingInitializeOnLoad (161ms)
				ProcessInitializeOnLoadAttributes (378ms)
				ProcessInitializeOnLoadMethodAttributes (21ms)
				AfterProcessingInitializeOnLoad (22ms)
				EditorAssembliesLoaded (0ms)
			ExecutionOrderSort2 (0ms)
			AwakeInstancesAfterBackupRestoration (19ms)
Platform modules already initialized, skipping
Refreshing native plugins compatible for Editor in 1.38 ms, found 3 plugins.
Preloading 0 native plugins for Editor in 0.00 ms.
Unloading 2325 Unused Serialized files (Serialized files now loaded: 0)
System memory in use before: 105.3 MB.
System memory in use after: 105.5 MB.

Unloading 16 unused Assets to reduce memory usage. Loaded Objects now: 2797.
Total: 4.088600 ms (FindLiveObjects: 0.218600 ms CreateObjectMapping: 0.145800 ms MarkObjects: 3.623900 ms  DeleteObjects: 0.098900 ms)

AssetImportParameters requested are different than current active one (requested -> active):
  custom:framework-win-MediaFoundation: 216162199b28c13a410421893ffa2e32 -> 
  custom:video-decoder-ogg-theora: a1e56fd34408186e4bbccfd4996cb3dc -> 
  custom:container-muxer-webm: aa71ff27fc2769a1b78a27578f13a17b -> 
  custom:container-demuxer-webm: 4f35f7cbe854078d1ac9338744f61a02 -> 
  custom:container-demuxer-ogg: 62fdf1f143b41e24485cea50d1cbac27 -> 
  custom:video-encoder-webm-vp8: eb34c28f22e8b96e1ab97ce403110664 -> 
  custom:video-codec-MediaFoundation-h265: 746d11721c4dcdbdad8f713fa42b33f4 -> 
  custom:video-decoder-webm-vp8: 9c59270c3fd7afecdb556c50c9e8de78 -> 
  custom:audio-decoder-ogg-vorbis: bf7c407c2cedff20999df2af8eb42d56 -> 
  custom:audio-encoder-webm-vorbis: bf7c407c2cedff20999df2af8eb42d56 -> 
========================================================================
Received Import Request.
  Time since last request: 379.208651 seconds.
  path: Assets/Prefabs/healthPickup.prefab
  artifactKey: Guid(ab492170a79528347885e07620311821) Importer(815301076,1909f56bfc062723c751e8b465ee728b)
Start importing Assets/Prefabs/healthPickup.prefab using Guid(ab492170a79528347885e07620311821) Importer(815301076,1909f56bfc062723c751e8b465ee728b)  -> (artifact id: '7d9dfa858f2aa9f390f11b54c57b4964') in 0.139075 seconds 
========================================================================
Received Import Request.
  Time since last request: 2.228421 seconds.
  path: Assets/Prefabs/rat_spawner.prefab
  artifactKey: Guid(44304e4a0e16fb241b1b4e8bba3528b8) Importer(815301076,1909f56bfc062723c751e8b465ee728b)
Start importing Assets/Prefabs/rat_spawner.prefab using Guid(44304e4a0e16fb241b1b4e8bba3528b8) Importer(815301076,1909f56bfc062723c751e8b465ee728b)  -> (artifact id: '3776e3d1daa564c9e99eb7d1829f5d3b') in 0.070158 seconds 
========================================================================
Received Prepare
Registering precompiled user dll's ...
Registered in 0.007914 seconds.
Begin MonoManager ReloadAssembly
Native extension for WindowsStandalone target not found
Native extension for WebGL target not found
Refreshing native plugins compatible for Editor in 1.07 ms, found 3 plugins.
Preloading 0 native plugins for Editor in 0.00 ms.
Mono: successfully reloaded assembly
- Completed reload, in  1.769 seconds
Domain Reload Profiling:
	ReloadAssembly (1770ms)
		BeginReloadAssembly (184ms)
			ExecutionOrderSort (0ms)
			DisableScriptedObjects (9ms)
			BackupInstance (0ms)
			ReleaseScriptingObjects (0ms)
			CreateAndSetChildDomain (54ms)
		EndReloadAssembly (1475ms)
			LoadAssemblies (168ms)
			RebuildTransferFunctionScriptingTraits (0ms)
			SetupTypeCache (507ms)
			ReleaseScriptCaches (1ms)
			RebuildScriptCaches (71ms)
			SetupLoadedEditorAssemblies (562ms)
				LogAssemblyErrors (0ms)
				InitializePlatformSupportModulesInManaged (12ms)
				SetLoadedEditorAssemblies (1ms)
				RefreshPlugins (1ms)
				BeforeProcessingInitializeOnLoad (163ms)
				ProcessInitializeOnLoadAttributes (346ms)
				ProcessInitializeOnLoadMethodAttributes (19ms)
				AfterProcessingInitializeOnLoad (21ms)
				EditorAssembliesLoaded (0ms)
			ExecutionOrderSort2 (0ms)
			AwakeInstancesAfterBackupRestoration (16ms)
Platform modules already initialized, skipping
Refreshing native plugins compatible for Editor in 0.99 ms, found 3 plugins.
Preloading 0 native plugins for Editor in 0.00 ms.
Unloading 2325 Unused Serialized files (Serialized files now loaded: 0)
System memory in use before: 105.4 MB.
System memory in use after: 105.6 MB.

Unloading 16 unused Assets to reduce memory usage. Loaded Objects now: 2801.
Total: 5.302000 ms (FindLiveObjects: 0.222800 ms CreateObjectMapping: 0.176400 ms MarkObjects: 4.763000 ms  DeleteObjects: 0.137900 ms)

AssetImportParameters requested are different than current active one (requested -> active):
  custom:framework-win-MediaFoundation: 216162199b28c13a410421893ffa2e32 -> 
  custom:video-decoder-ogg-theora: a1e56fd34408186e4bbccfd4996cb3dc -> 
  custom:container-muxer-webm: aa71ff27fc2769a1b78a27578f13a17b -> 
  custom:container-demuxer-webm: 4f35f7cbe854078d1ac9338744f61a02 -> 
  custom:container-demuxer-ogg: 62fdf1f143b41e24485cea50d1cbac27 -> 
  custom:video-encoder-webm-vp8: eb34c28f22e8b96e1ab97ce403110664 -> 
  custom:video-codec-MediaFoundation-h265: 746d11721c4dcdbdad8f713fa42b33f4 -> 
  custom:video-decoder-webm-vp8: 9c59270c3fd7afecdb556c50c9e8de78 -> 
  custom:audio-decoder-ogg-vorbis: bf7c407c2cedff20999df2af8eb42d56 -> 
  custom:audio-encoder-webm-vorbis: bf7c407c2cedff20999df2af8eb42d56 -> 
========================================================================
Received Prepare
Registering precompiled user dll's ...
Registered in 0.006957 seconds.
Begin MonoManager ReloadAssembly
Native extension for WindowsStandalone target not found
Native extension for WebGL target not found
Refreshing native plugins compatible for Editor in 0.62 ms, found 3 plugins.
Preloading 0 native plugins for Editor in 0.00 ms.
Mono: successfully reloaded assembly
- Completed reload, in  2.030 seconds
Domain Reload Profiling:
	ReloadAssembly (2030ms)
		BeginReloadAssembly (204ms)
			ExecutionOrderSort (0ms)
			DisableScriptedObjects (12ms)
			BackupInstance (0ms)
			ReleaseScriptingObjects (0ms)
			CreateAndSetChildDomain (60ms)
		EndReloadAssembly (1690ms)
			LoadAssemblies (206ms)
			RebuildTransferFunctionScriptingTraits (0ms)
			SetupTypeCache (620ms)
			ReleaseScriptCaches (1ms)
			RebuildScriptCaches (79ms)
			SetupLoadedEditorAssemblies (586ms)
				LogAssemblyErrors (0ms)
				InitializePlatformSupportModulesInManaged (8ms)
				SetLoadedEditorAssemblies (1ms)
				RefreshPlugins (1ms)
				BeforeProcessingInitializeOnLoad (172ms)
				ProcessInitializeOnLoadAttributes (371ms)
				ProcessInitializeOnLoadMethodAttributes (23ms)
				AfterProcessingInitializeOnLoad (11ms)
				EditorAssembliesLoaded (0ms)
			ExecutionOrderSort2 (0ms)
			AwakeInstancesAfterBackupRestoration (13ms)
Platform modules already initialized, skipping
Refreshing native plugins compatible for Editor in 0.60 ms, found 3 plugins.
Preloading 0 native plugins for Editor in 0.00 ms.
Unloading 2325 Unused Serialized files (Serialized files now loaded: 0)
System memory in use before: 105.4 MB.
System memory in use after: 105.6 MB.

Unloading 16 unused Assets to reduce memory usage. Loaded Objects now: 2804.
Total: 4.622200 ms (FindLiveObjects: 0.223000 ms CreateObjectMapping: 0.140200 ms MarkObjects: 4.172100 ms  DeleteObjects: 0.085600 ms)

AssetImportParameters requested are different than current active one (requested -> active):
  custom:framework-win-MediaFoundation: 216162199b28c13a410421893ffa2e32 -> 
  custom:video-decoder-ogg-theora: a1e56fd34408186e4bbccfd4996cb3dc -> 
  custom:container-muxer-webm: aa71ff27fc2769a1b78a27578f13a17b -> 
  custom:container-demuxer-webm: 4f35f7cbe854078d1ac9338744f61a02 -> 
  custom:container-demuxer-ogg: 62fdf1f143b41e24485cea50d1cbac27 -> 
  custom:video-encoder-webm-vp8: eb34c28f22e8b96e1ab97ce403110664 -> 
  custom:video-codec-MediaFoundation-h265: 746d11721c4dcdbdad8f713fa42b33f4 -> 
  custom:video-decoder-webm-vp8: 9c59270c3fd7afecdb556c50c9e8de78 -> 
  custom:audio-decoder-ogg-vorbis: bf7c407c2cedff20999df2af8eb42d56 -> 
  custom:audio-encoder-webm-vorbis: bf7c407c2cedff20999df2af8eb42d56 -> 
AssetImportWorkerClient::OnTransportError - code=2 error=End of file
